Vivado Simulator 2018.1
Copyright 1986-1999, 2001-2017 Xilinx, Inc. All Rights Reserved.
Running: D:/Xilinx/Vivado/2018.1/bin/unwrapped/win64.o/xelab.exe -wto df74ab571caf4a068e112c56e996f108 --incr --debug typical --relax --mt 2 -L xbip_utils_v3_0_9 -L axi_utils_v2_0_5 -L xbip_pipe_v3_0_5 -L xbip_dsp48_wrapper_v3_0_4 -L xbip_dsp48_addsub_v3_0_5 -L xbip_dsp48_multadd_v3_0_5 -L xbip_bram18k_v3_0_5 -L mult_gen_v12_0_14 -L floating_point_v7_1_6 -L xil_defaultlib -L fifo_generator_v13_2_2 -L axi_lite_ipif_v3_0_4 -L v_tc_v6_1_12 -L unisims_ver -L unimacro_ver -L secureip -L xpm --snapshot top_tb_behav xil_defaultlib.top_tb xil_defaultlib.glbl -log elaborate.log 
Using 2 slave threads.
Starting static elaboration
Completed static elaboration
Starting simulation data flow analysis
Completed simulation data flow analysis
Time Resolution for simulation is 1ps
Compiling package std.standard
Compiling package std.textio
Compiling package ieee.std_logic_1164
Compiling package ieee.numeric_std
Compiling package ieee.std_logic_arith
Compiling package ieee.std_logic_unsigned
Compiling package ieee.std_logic_signed
Compiling package v_tc_v6_1_12.video_ctrl_pkg
Compiling package v_tc_v6_1_12.hwt_pkg
Compiling package axi_lite_ipif_v3_0_4.ipif_pkg
Compiling package floating_point_v7_1_6.floating_point_v7_1_6_viv_comp
Compiling package xbip_utils_v3_0_9.xbip_utils_v3_0_9_pkg
Compiling package axi_utils_v2_0_5.axi_utils_v2_0_5_pkg
Compiling package floating_point_v7_1_6.floating_point_v7_1_6_consts
Compiling package ieee.math_real
Compiling package floating_point_v7_1_6.floating_point_v7_1_6_exp_table_...
Compiling package mult_gen_v12_0_14.mult_gen_v12_0_14_pkg
Compiling package floating_point_v7_1_6.floating_point_v7_1_6_pkg
Compiling package floating_point_v7_1_6.flt_utils
Compiling package xbip_pipe_v3_0_5.xbip_pipe_v3_0_5_viv_comp
Compiling package unisim.vcomponents
Compiling package ieee.vital_timing
Compiling package ieee.vital_primitives
Compiling package unisim.vpkg
Compiling package floating_point_v7_1_6.vt2mutils
Compiling package floating_point_v7_1_6.vt2mcomps
Compiling module unisims_ver.BUFG
Compiling module unisims_ver.IBUF
Compiling module unisims_ver.MMCME2_ADV(CLKFBOUT_MULT_F=10.0,...
Compiling module xil_defaultlib.clk_wiz_0_clk_wiz
Compiling module xil_defaultlib.clk_wiz_0
Compiling module xil_defaultlib.timing_excise
Compiling architecture rtl of entity v_tc_v6_1_12.video_ctrl [\video_ctrl(c_family="virtex5",c...]
Compiling architecture rtl of entity v_tc_v6_1_12.tc_generator [\tc_generator(c_max_pixels=2048,...]
Compiling architecture rtl of entity v_tc_v6_1_12.tc_top [\tc_top(c_max_pixels=2048,c_max_...]
Compiling architecture imp of entity v_tc_v6_1_12.v_tc [\v_tc(c_has_axi4_lite=0,c_gen_vi...]
Compiling architecture v_tc_0_arch of entity xil_defaultlib.v_tc_0 [v_tc_0_default]
Compiling module xil_defaultlib.read_file
WARNING: [XSIM 43-3373] "E:/WorkSpace/project/FPGA/prj_ip/prj_ip/prj_ip.srcs/sim_1/new/read_file.v" Line 61. System function $fread is used as system task. This system function should have a LHS e.g. x=$fread().
Compiling module xil_defaultlib.video_caputure(DATA_WIDTH=8)
Compiling module fifo_generator_v13_2_2.fifo_generator_v13_2_2_bhv_ver_s...
Compiling module fifo_generator_v13_2_2.fifo_generator_v13_2_2_CONV_VER(...
Compiling module fifo_generator_v13_2_2.fifo_generator_vlog_beh(C_COMMON...
Compiling module fifo_generator_v13_2_2.fifo_generator_v13_2_2(C_COMMON_...
Compiling module xil_defaultlib.fifo_maxtrix3x3
Compiling module xil_defaultlib.maxtri3x3_shift
Compiling module xil_defaultlib.img_scale
Compiling module xil_defaultlib.AXIvideo2Mat
Compiling module xil_defaultlib.getGaussianKernelncg_ram
Compiling module xil_defaultlib.getGaussianKernelncg(DataWidth=3...
Compiling module xil_defaultlib.pow_generic_floatbkb_rom
Compiling module xil_defaultlib.pow_generic_floatbkb(DataWidth=6...
Compiling module xil_defaultlib.pow_generic_floatcud_rom
Compiling module xil_defaultlib.pow_generic_floatcud(DataWidth=5...
Compiling module xil_defaultlib.pow_generic_floatdEe_rom
Compiling module xil_defaultlib.pow_generic_floatdEe(DataWidth=5...
Compiling module xil_defaultlib.pow_generic_floateOg_rom
Compiling module xil_defaultlib.pow_generic_floateOg(DataWidth=4...
Compiling module xil_defaultlib.pow_generic_floatfYi_rom
Compiling module xil_defaultlib.pow_generic_floatfYi(DataWidth=4...
Compiling module xil_defaultlib.pow_generic_floatg8j_rom
Compiling module xil_defaultlib.pow_generic_floatg8j(DataWidth=2...
Compiling module xil_defaultlib.pow_generic_floathbi_rom
Compiling module xil_defaultlib.pow_generic_floathbi(DataWidth=8...
Compiling module xil_defaultlib.fpag_gaus_mul_41nibs_MulnS_0
Compiling module xil_defaultlib.fpag_gaus_mul_41nibs(ID=1,NUM_ST...
Compiling module xil_defaultlib.fpag_gaus_mul_44njbC_MulnS_1
Compiling module xil_defaultlib.fpag_gaus_mul_44njbC(ID=1,NUM_ST...
Compiling module xil_defaultlib.fpag_gaus_mul_45nkbM_MulnS_2
Compiling module xil_defaultlib.fpag_gaus_mul_45nkbM(ID=1,NUM_ST...
Compiling module xil_defaultlib.fpag_gaus_mac_mullbW_DSP48_0
Compiling module xil_defaultlib.fpag_gaus_mac_mullbW(ID=1,NUM_ST...
Compiling module xil_defaultlib.fpag_gaus_mul_mulmb6_DSP48_1
Compiling module xil_defaultlib.fpag_gaus_mul_mulmb6(ID=1,NUM_ST...
Compiling module xil_defaultlib.pow_generic_float_s
Compiling architecture muxcy_v of entity unisim.MUXCY [muxcy_default]
Compiling architecture synth of entity xbip_pipe_v3_0_5.xbip_pipe_v3_0_5_viv [\xbip_pipe_v3_0_5_viv(c_has_ce=1...]
Compiling architecture rtl of entity floating_point_v7_1_6.delay [\delay(width=7,length=0)\]
Compiling architecture struct of entity floating_point_v7_1_6.carry_chain [\carry_chain(c_xdevicefamily="vi...]
Compiling architecture synth of entity floating_point_v7_1_6.compare_eq_im [\compare_eq_im(c_xdevicefamily="...]
Compiling architecture xorcy_v of entity unisim.XORCY [xorcy_default]
Compiling architecture struct of entity floating_point_v7_1_6.carry_chain [\carry_chain(c_xdevicefamily="vi...]
Compiling architecture synth of entity xbip_pipe_v3_0_5.xbip_pipe_v3_0_5_viv [\xbip_pipe_v3_0_5_viv(c_has_ce=1...]
Compiling architecture rtl of entity floating_point_v7_1_6.delay [\delay(length=0)\]
Compiling architecture synth of entity xbip_pipe_v3_0_5.xbip_pipe_v3_0_5_viv [\xbip_pipe_v3_0_5_viv(c_has_ce=1...]
Compiling architecture rtl of entity floating_point_v7_1_6.delay [\delay(width=24,length=0,fast_in...]
Compiling architecture synth of entity xbip_pipe_v3_0_5.xbip_pipe_v3_0_5_viv [\xbip_pipe_v3_0_5_viv(c_has_ce=1...]
Compiling architecture rtl of entity floating_point_v7_1_6.delay [\delay(width=16,length=0)\]
Compiling architecture synth of entity xbip_pipe_v3_0_5.xbip_pipe_v3_0_5_viv [\xbip_pipe_v3_0_5_viv(c_has_ce=1...]
Compiling architecture rtl of entity floating_point_v7_1_6.delay [\delay(width=4,length=0)\]
Compiling architecture synth of entity xbip_pipe_v3_0_5.xbip_pipe_v3_0_5_viv [\xbip_pipe_v3_0_5_viv(c_has_ce=1...]
Compiling architecture rtl of entity floating_point_v7_1_6.delay [\delay(width=48,length=0)\]
Compiling architecture synth of entity xbip_pipe_v3_0_5.xbip_pipe_v3_0_5_viv [\xbip_pipe_v3_0_5_viv(c_has_ce=1...]
Compiling architecture rtl of entity floating_point_v7_1_6.delay [\delay(width=24,length=0)\]
Compiling architecture dsp48e1_v of entity unisim.DSP48E1 [\DSP48E1(acascreg=0,adreg=0,alum...]
Compiling architecture rtl of entity floating_point_v7_1_6.dsp48e1_wrapper [\dsp48e1_wrapper(a_width=24,c_wi...]
Compiling architecture synth of entity xbip_pipe_v3_0_5.xbip_pipe_v3_0_5_viv [\xbip_pipe_v3_0_5_viv(c_latency=...]
Compiling architecture rtl of entity floating_point_v7_1_6.delay [delay_default]
Compiling architecture synth of entity xbip_pipe_v3_0_5.xbip_pipe_v3_0_5_viv [\xbip_pipe_v3_0_5_viv(c_has_ce=1...]
Compiling architecture rtl of entity floating_point_v7_1_6.delay [\delay(width=13,length=0)\]
Compiling architecture synth of entity xbip_pipe_v3_0_5.xbip_pipe_v3_0_5_viv [\xbip_pipe_v3_0_5_viv(c_has_ce=1...]
Compiling architecture rtl of entity floating_point_v7_1_6.delay [\delay(width=27,length=0)\]
Compiling architecture synth of entity floating_point_v7_1_6.align_add_dsp48e1_sgl [\align_add_dsp48e1_sgl(c_xdevice...]
Compiling architecture lut5_v of entity unisim.LUT5 [\LUT5(init="00000000000000001111...]
Compiling architecture lut5_v of entity unisim.LUT5 [\LUT5(init="00000000000000000000...]
Compiling architecture synth of entity xbip_pipe_v3_0_5.xbip_pipe_v3_0_5_viv [\xbip_pipe_v3_0_5_viv(c_has_ce=1...]
Compiling architecture rtl of entity floating_point_v7_1_6.delay [\delay(width=5,length=0)\]
Compiling architecture rtl of entity floating_point_v7_1_6.lead_zero_encode_shift [\lead_zero_encode_shift(ab_fw=24...]
Compiling architecture synth of entity xbip_pipe_v3_0_5.xbip_pipe_v3_0_5_viv [\xbip_pipe_v3_0_5_viv(c_has_ce=1...]
Compiling architecture rtl of entity floating_point_v7_1_6.delay [\delay(width=3,length=0)\]
Compiling architecture lut6_v of entity unisim.LUT6 [\LUT6(init="11111110010101001011...]
Compiling architecture lut5_v of entity unisim.LUT5 [\LUT5(init="00010001010111110000...]
Compiling architecture lut5_v of entity unisim.LUT5 [\LUT5(init="11101110101000001111...]
Compiling architecture synth of entity xbip_pipe_v3_0_5.xbip_pipe_v3_0_5_viv [\xbip_pipe_v3_0_5_viv(c_latency=...]
Compiling architecture rtl of entity floating_point_v7_1_6.delay [\delay(width=2)\]
Compiling architecture synth of entity xbip_pipe_v3_0_5.xbip_pipe_v3_0_5_viv [\xbip_pipe_v3_0_5_viv(c_has_ce=1...]
Compiling architecture rtl of entity floating_point_v7_1_6.delay [\delay(width=25,length=0)\]
Compiling architecture dsp48e1_v of entity unisim.DSP48E1 [\DSP48E1(adreg=0,alumodereg=0,ca...]
Compiling architecture rtl of entity floating_point_v7_1_6.dsp48e1_wrapper [\dsp48e1_wrapper(a_width=24,c_wi...]
Compiling architecture rtl of entity floating_point_v7_1_6.norm_and_round_dsp48e1_sgl [\norm_and_round_dsp48e1_sgl(c_mu...]
Compiling architecture lut5_v of entity unisim.LUT5 [\LUT5(init="10011001100110011001...]
Compiling architecture lut5_v of entity unisim.LUT5 [\LUT5(init="11111111000000001111...]
Compiling architecture synth of entity xbip_pipe_v3_0_5.xbip_pipe_v3_0_5_viv [\xbip_pipe_v3_0_5_viv(c_has_ce=1...]
Compiling architecture rtl of entity floating_point_v7_1_6.delay [\delay(width=9,length=0)\]
Compiling architecture struct of entity floating_point_v7_1_6.carry_chain [\carry_chain(c_xdevicefamily="vi...]
Compiling architecture synth of entity xbip_pipe_v3_0_5.xbip_pipe_v3_0_5_viv [\xbip_pipe_v3_0_5_viv(c_has_ce=1...]
Compiling architecture rtl of entity floating_point_v7_1_6.delay [\delay(width=8,length=0)\]
Compiling architecture synth of entity xbip_pipe_v3_0_5.xbip_pipe_v3_0_5_viv [\xbip_pipe_v3_0_5_viv(c_latency=...]
Compiling architecture rtl of entity floating_point_v7_1_6.delay [\delay(width=10)\]
Compiling architecture synth of entity xbip_pipe_v3_0_5.xbip_pipe_v3_0_5_viv [\xbip_pipe_v3_0_5_viv(c_has_ce=1...]
Compiling architecture rtl of entity floating_point_v7_1_6.delay [\delay(width=4,length=0,fast_inp...]
Compiling architecture fdre_v of entity unisim.FDRE [fdre_default]
Compiling architecture fde_v of entity unisim.FDE [fde_default]
Compiling architecture struct of entity floating_point_v7_1_6.carry_chain [\carry_chain(c_xdevicefamily="vi...]
Compiling architecture synth of entity floating_point_v7_1_6.compare_eq_im [\compare_eq_im(c_xdevicefamily="...]
Compiling architecture synth of entity xbip_pipe_v3_0_5.xbip_pipe_v3_0_5_viv [\xbip_pipe_v3_0_5_viv(c_latency=...]
Compiling architecture rtl of entity floating_point_v7_1_6.delay [\delay(fast_input=true)\]
Compiling architecture rtl of entity floating_point_v7_1_6.special_detect [\special_detect(c_xdevicefamily=...]
Compiling architecture struct of entity floating_point_v7_1_6.carry_chain [\carry_chain(c_xdevicefamily="vi...]
Compiling architecture synth of entity floating_point_v7_1_6.compare_gt [\compare_gt(c_xdevicefamily="vir...]
Compiling architecture synth of entity floating_point_v7_1_6.compare [\compare(c_xdevicefamily="virtex...]
Compiling architecture synth of entity xbip_pipe_v3_0_5.xbip_pipe_v3_0_5_viv [\xbip_pipe_v3_0_5_viv(c_latency=...]
Compiling architecture rtl of entity floating_point_v7_1_6.delay [\delay(width=8)\]
Compiling architecture synth of entity xbip_pipe_v3_0_5.xbip_pipe_v3_0_5_viv [\xbip_pipe_v3_0_5_viv(c_latency=...]
Compiling architecture rtl of entity floating_point_v7_1_6.delay [\delay(width=9)\]
Compiling architecture synth of entity xbip_pipe_v3_0_5.xbip_pipe_v3_0_5_viv [\xbip_pipe_v3_0_5_viv(c_latency=...]
Compiling architecture rtl of entity floating_point_v7_1_6.delay [\delay(width=2,length=2,fast_inp...]
Compiling architecture synth of entity xbip_pipe_v3_0_5.xbip_pipe_v3_0_5_viv [\xbip_pipe_v3_0_5_viv(c_latency=...]
Compiling architecture rtl of entity floating_point_v7_1_6.delay [\delay(length=2,fast_input=true)...]
Compiling architecture synth of entity xbip_pipe_v3_0_5.xbip_pipe_v3_0_5_viv [\xbip_pipe_v3_0_5_viv(c_has_ce=1...]
Compiling architecture rtl of entity floating_point_v7_1_6.delay [\delay(length=0,fast_input=true)...]
Compiling architecture synth of entity xbip_pipe_v3_0_5.xbip_pipe_v3_0_5_viv [\xbip_pipe_v3_0_5_viv(c_has_ce=1...]
Compiling architecture rtl of entity floating_point_v7_1_6.delay [\delay(width=2,length=0,fast_inp...]
Compiling architecture synth of entity xbip_pipe_v3_0_5.xbip_pipe_v3_0_5_viv [\xbip_pipe_v3_0_5_viv(c_has_ce=1...]
Compiling architecture rtl of entity floating_point_v7_1_6.delay [\delay(width=12,length=0)\]
Compiling architecture rtl of entity floating_point_v7_1_6.flt_add_exp_sp [\flt_add_exp_sp(c_xdevicefamily=...]
Compiling architecture synth of entity xbip_pipe_v3_0_5.xbip_pipe_v3_0_5_viv [\xbip_pipe_v3_0_5_viv(c_latency=...]
Compiling architecture rtl of entity floating_point_v7_1_6.delay [\delay(width=23)\]
Compiling architecture synth of entity floating_point_v7_1_6.flt_dec_op [\flt_dec_op(c_xdevicefamily="vir...]
Compiling architecture rtl of entity floating_point_v7_1_6.flt_add_dsp [\flt_add_dsp(c_xdevicefamily="vi...]
Compiling architecture rtl of entity floating_point_v7_1_6.flt_add [\flt_add(c_xdevicefamily="virtex...]
Compiling architecture synth of entity xbip_pipe_v3_0_5.xbip_pipe_v3_0_5_viv [\xbip_pipe_v3_0_5_viv(c_latency=...]
Compiling architecture synth of entity xbip_pipe_v3_0_5.xbip_pipe_v3_0_5_viv [\xbip_pipe_v3_0_5_viv(c_has_ce=1...]
Compiling architecture rtl of entity floating_point_v7_1_6.delay [\delay(width=32,length=0)\]
Compiling architecture xilinx of entity floating_point_v7_1_6.floating_point_v7_1_6_viv [\floating_point_v7_1_6_viv(c_xde...]
Compiling architecture xilinx of entity floating_point_v7_1_6.floating_point_v7_1_6 [\floating_point_v7_1_6(c_xdevice...]
Compiling architecture fpag_gaus_ap_faddfsub_3_full_dsp_32_arch of entity xil_defaultlib.fpag_gaus_ap_faddfsub_3_full_dsp_32 [fpag_gaus_ap_faddfsub_3_full_dsp...]
Compiling module xil_defaultlib.fpag_gaus_faddfsuocq(ID=1)
Compiling architecture synth of entity xbip_pipe_v3_0_5.xbip_pipe_v3_0_5_viv [\xbip_pipe_v3_0_5_viv(c_has_ce=1...]
Compiling architecture rtl of entity floating_point_v7_1_6.delay [\delay(width=23,length=0)\]
Compiling architecture synth of entity xbip_pipe_v3_0_5.xbip_pipe_v3_0_5_viv [\xbip_pipe_v3_0_5_viv(c_has_ce=1...]
Compiling architecture rtl of entity floating_point_v7_1_6.delay [\delay(width=25,length=0,fast_in...]
Compiling architecture struct of entity floating_point_v7_1_6.carry_chain [\carry_chain(c_xdevicefamily="vi...]
Compiling architecture synth of entity floating_point_v7_1_6.flt_div_mant_addsub [\flt_div_mant_addsub(c_xdevicefa...]
Compiling architecture synth of entity xbip_pipe_v3_0_5.xbip_pipe_v3_0_5_viv [\xbip_pipe_v3_0_5_viv(c_has_ce=1...]
Compiling architecture rtl of entity floating_point_v7_1_6.delay [\delay(width=26,length=0)\]
Compiling architecture synth of entity xbip_pipe_v3_0_5.xbip_pipe_v3_0_5_viv [\xbip_pipe_v3_0_5_viv(c_latency=...]
Compiling architecture rtl of entity floating_point_v7_1_6.delay [\delay(width=25,fast_input=true)...]
Compiling architecture struct of entity floating_point_v7_1_6.carry_chain [\carry_chain(c_xdevicefamily="vi...]
Compiling architecture synth of entity floating_point_v7_1_6.flt_div_mant_addsub [\flt_div_mant_addsub(c_xdevicefa...]
Compiling architecture synth of entity xbip_pipe_v3_0_5.xbip_pipe_v3_0_5_viv [\xbip_pipe_v3_0_5_viv(c_latency=...]
Compiling architecture rtl of entity floating_point_v7_1_6.delay [\delay(width=26)\]
Compiling architecture virtex of entity floating_point_v7_1_6.flt_div_mant [\flt_div_mant(c_xdevicefamily="v...]
Compiling architecture synth of entity xbip_pipe_v3_0_5.xbip_pipe_v3_0_5_viv [\xbip_pipe_v3_0_5_viv(c_latency=...]
Compiling architecture rtl of entity floating_point_v7_1_6.delay [\delay(width=10,fast_input=true)...]
Compiling architecture rtl of entity floating_point_v7_1_6.special_detect [\special_detect(c_xdevicefamily=...]
Compiling architecture synth of entity xbip_pipe_v3_0_5.xbip_pipe_v3_0_5_viv [\xbip_pipe_v3_0_5_viv(c_latency=...]
Compiling architecture rtl of entity floating_point_v7_1_6.delay [\delay(length=13,fast_input=true...]
Compiling architecture synth of entity xbip_pipe_v3_0_5.xbip_pipe_v3_0_5_viv [\xbip_pipe_v3_0_5_viv(c_latency=...]
Compiling architecture rtl of entity floating_point_v7_1_6.delay [\delay(width=2,fast_input=true)\]
Compiling architecture synth of entity xbip_pipe_v3_0_5.xbip_pipe_v3_0_5_viv [\xbip_pipe_v3_0_5_viv(c_latency=...]
Compiling architecture rtl of entity floating_point_v7_1_6.delay [\delay(width=8,length=12)\]
Compiling architecture synth of entity xbip_pipe_v3_0_5.xbip_pipe_v3_0_5_viv [\xbip_pipe_v3_0_5_viv(c_latency=...]
Compiling architecture rtl of entity floating_point_v7_1_6.delay [\delay(length=12,fast_input=true...]
Compiling architecture synth of entity xbip_pipe_v3_0_5.xbip_pipe_v3_0_5_viv [\xbip_pipe_v3_0_5_viv(c_latency=...]
Compiling architecture rtl of entity floating_point_v7_1_6.delay [\delay(width=3,length=12,fast_in...]
Compiling architecture synth of entity xbip_pipe_v3_0_5.xbip_pipe_v3_0_5_viv [\xbip_pipe_v3_0_5_viv(c_latency=...]
Compiling architecture rtl of entity floating_point_v7_1_6.delay [\delay(width=4,length=12,fast_in...]
Compiling architecture synth of entity xbip_pipe_v3_0_5.xbip_pipe_v3_0_5_viv [\xbip_pipe_v3_0_5_viv(c_has_ce=1...]
Compiling architecture rtl of entity floating_point_v7_1_6.delay [\delay(width=14,length=0)\]
Compiling architecture rtl of entity floating_point_v7_1_6.flt_div_exp [\flt_div_exp(c_xdevicefamily="no...]
Compiling architecture synth of entity xbip_pipe_v3_0_5.xbip_pipe_v3_0_5_viv [\xbip_pipe_v3_0_5_viv(c_has_ce=1...]
Compiling architecture rtl of entity floating_point_v7_1_6.delay [\delay(width=12,length=0,fast_in...]
Compiling architecture struct of entity floating_point_v7_1_6.carry_chain [\carry_chain(c_xdevicefamily="vi...]
Compiling architecture struct of entity floating_point_v7_1_6.carry_chain [\carry_chain(c_xdevicefamily="vi...]
Compiling architecture synth of entity xbip_pipe_v3_0_5.xbip_pipe_v3_0_5_viv [\xbip_pipe_v3_0_5_viv(c_has_ce=1...]
Compiling architecture rtl of entity floating_point_v7_1_6.delay [\delay(width=2,length=0)\]
Compiling architecture struct of entity floating_point_v7_1_6.carry_chain [\carry_chain(c_xdevicefamily="vi...]
Compiling architecture rtl of entity floating_point_v7_1_6.flt_round_bit [\flt_round_bit(c_xdevicefamily="...]
Compiling architecture rtl of entity floating_point_v7_1_6.renorm_and_round_logic [\renorm_and_round_logic(c_xdevic...]
Compiling architecture synth of entity floating_point_v7_1_6.flt_dec_op_lat [\flt_dec_op_lat(c_xdevicefamily=...]
Compiling architecture virtex of entity floating_point_v7_1_6.flt_div [\flt_div(c_xdevicefamily="virtex...]
Compiling architecture synth of entity xbip_pipe_v3_0_5.xbip_pipe_v3_0_5_viv [\xbip_pipe_v3_0_5_viv(c_latency=...]
Compiling architecture xilinx of entity floating_point_v7_1_6.floating_point_v7_1_6_viv [\floating_point_v7_1_6_viv(c_xde...]
Compiling architecture xilinx of entity floating_point_v7_1_6.floating_point_v7_1_6 [\floating_point_v7_1_6(c_xdevice...]
Compiling architecture fpag_gaus_ap_fdiv_14_no_dsp_32_arch of entity xil_defaultlib.fpag_gaus_ap_fdiv_14_no_dsp_32 [fpag_gaus_ap_fdiv_14_no_dsp_32_d...]
Compiling module xil_defaultlib.fpag_gaus_fdiv_32pcA(ID=1)
Compiling architecture synth of entity xbip_pipe_v3_0_5.xbip_pipe_v3_0_5_viv [\xbip_pipe_v3_0_5_viv(c_has_ce=1...]
Compiling architecture rtl of entity floating_point_v7_1_6.delay [\delay(width=31,length=0)\]
Compiling architecture synth of entity xbip_pipe_v3_0_5.xbip_pipe_v3_0_5_viv [\xbip_pipe_v3_0_5_viv(c_latency=...]
Compiling architecture rtl of entity floating_point_v7_1_6.delay [\delay(width=32)\]
Compiling architecture struct of entity floating_point_v7_1_6.carry_chain [\carry_chain(c_xdevicefamily="vi...]
Compiling architecture synth of entity xbip_pipe_v3_0_5.xbip_pipe_v3_0_5_viv [\xbip_pipe_v3_0_5_viv(c_latency=...]
Compiling architecture rtl of entity floating_point_v7_1_6.delay [\delay(width=4)\]
Compiling architecture rtl of entity floating_point_v7_1_6.norm_zero_det [\norm_zero_det(data_width=7,norm...]
Compiling architecture rtl of entity floating_point_v7_1_6.mux4 [\mux4(c_xdevicefamily="virtex7",...]
Compiling architecture rtl of entity floating_point_v7_1_6.mux4 [\mux4(c_xdevicefamily="virtex7",...]
Compiling architecture synth of entity xbip_pipe_v3_0_5.xbip_pipe_v3_0_5_viv [\xbip_pipe_v3_0_5_viv(c_has_ce=1...]
Compiling architecture rtl of entity floating_point_v7_1_6.delay [\delay(width=8,length=0,fast_inp...]
Compiling architecture struct of entity floating_point_v7_1_6.carry_chain [\carry_chain(c_xdevicefamily="vi...]
Compiling architecture rtl of entity floating_point_v7_1_6.lead_zero_encode [\lead_zero_encode(c_xdevicefamil...]
Compiling architecture rtl of entity floating_point_v7_1_6.shift_msb_first [\shift_msb_first(a_width=32,resu...]
Compiling architecture struct of entity floating_point_v7_1_6.carry_chain [\carry_chain(c_xdevicefamily="vi...]
Compiling architecture struct of entity floating_point_v7_1_6.carry_chain [\carry_chain(c_xdevicefamily="vi...]
Compiling architecture rtl of entity floating_point_v7_1_6.renorm_and_round_logic [\renorm_and_round_logic(c_xdevic...]
Compiling architecture synth of entity xbip_pipe_v3_0_5.xbip_pipe_v3_0_5_viv [\xbip_pipe_v3_0_5_viv(c_latency=...]
Compiling architecture rtl of entity floating_point_v7_1_6.delay [\delay(length=3)\]
Compiling architecture synth of entity floating_point_v7_1_6.fix_to_flt_conv_exp [\fix_to_flt_conv_exp(c_xdevicefa...]
Compiling architecture synth of entity floating_point_v7_1_6.flt_dec_op [\flt_dec_op(c_xdevicefamily="vir...]
Compiling architecture struct of entity floating_point_v7_1_6.fix_to_flt_conv [\fix_to_flt_conv(c_xdevicefamily...]
Compiling architecture synth of entity xbip_pipe_v3_0_5.xbip_pipe_v3_0_5_viv [\xbip_pipe_v3_0_5_viv(c_latency=...]
Compiling architecture xilinx of entity floating_point_v7_1_6.floating_point_v7_1_6_viv [\floating_point_v7_1_6_viv(c_xde...]
Compiling architecture xilinx of entity floating_point_v7_1_6.floating_point_v7_1_6 [\floating_point_v7_1_6(c_xdevice...]
Compiling architecture fpag_gaus_ap_sitofp_4_no_dsp_32_arch of entity xil_defaultlib.fpag_gaus_ap_sitofp_4_no_dsp_32 [fpag_gaus_ap_sitofp_4_no_dsp_32_...]
Compiling module xil_defaultlib.fpag_gaus_sitofp_qcK(ID=1)
Compiling architecture struct of entity floating_point_v7_1_6.carry_chain [\carry_chain(c_xdevicefamily="vi...]
Compiling architecture synth of entity floating_point_v7_1_6.compare_ne_im [\compare_ne_im(c_xdevicefamily="...]
Compiling architecture struct of entity floating_point_v7_1_6.carry_chain [\carry_chain(c_xdevicefamily="vi...]
Compiling architecture rtl of entity floating_point_v7_1_6.flt_round_bit [\flt_round_bit(c_xdevicefamily="...]
Compiling architecture rtl of entity floating_point_v7_1_6.renorm_and_round_logic [\renorm_and_round_logic(c_xdevic...]
Compiling architecture struct of entity floating_point_v7_1_6.carry_chain [\carry_chain(c_xdevicefamily="ki...]
Compiling architecture synth of entity floating_point_v7_1_6.compare_eq_im [\compare_eq_im(c_xdevicefamily="...]
Compiling architecture rtl of entity floating_point_v7_1_6.special_detect [\special_detect(a_w=64,a_fw=53,o...]
Compiling architecture rtl of entity floating_point_v7_1_6.flt_to_flt_conv_exp [\flt_to_flt_conv_exp(a_w=64,a_ew...]
Compiling architecture synth of entity floating_point_v7_1_6.flt_dec_op [\flt_dec_op(c_xdevicefamily="vir...]
Compiling architecture rtl of entity floating_point_v7_1_6.flt_to_flt_conv [\flt_to_flt_conv(c_xdevicefamily...]
Compiling architecture xilinx of entity floating_point_v7_1_6.floating_point_v7_1_6_viv [\floating_point_v7_1_6_viv(c_xde...]
Compiling architecture xilinx of entity floating_point_v7_1_6.floating_point_v7_1_6 [\floating_point_v7_1_6(c_xdevice...]
Compiling architecture fpag_gaus_ap_fptrunc_0_no_dsp_64_arch of entity xil_defaultlib.fpag_gaus_ap_fptrunc_0_no_dsp_64 [fpag_gaus_ap_fptrunc_0_no_dsp_64...]
Compiling module xil_defaultlib.fpag_gaus_fptruncrcU(ID=1)
Compiling architecture struct of entity floating_point_v7_1_6.carry_chain [\carry_chain(c_xdevicefamily="ki...]
Compiling architecture synth of entity floating_point_v7_1_6.compare_eq_im [\compare_eq_im(c_xdevicefamily="...]
Compiling architecture rtl of entity floating_point_v7_1_6.special_detect [\special_detect(a_fw=24,op_delay...]
Compiling architecture rtl of entity floating_point_v7_1_6.flt_to_flt_conv_exp [\flt_to_flt_conv_exp(r_w=64,r_ew...]
Compiling architecture synth of entity floating_point_v7_1_6.flt_dec_op [\flt_dec_op(c_xdevicefamily="vir...]
Compiling architecture rtl of entity floating_point_v7_1_6.flt_to_flt_conv [\flt_to_flt_conv(c_xdevicefamily...]
Compiling architecture synth of entity xbip_pipe_v3_0_5.xbip_pipe_v3_0_5_viv [\xbip_pipe_v3_0_5_viv(c_has_ce=1...]
Compiling architecture rtl of entity floating_point_v7_1_6.delay [\delay(width=64,length=0)\]
Compiling architecture xilinx of entity floating_point_v7_1_6.floating_point_v7_1_6_viv [\floating_point_v7_1_6_viv(c_xde...]
Compiling architecture xilinx of entity floating_point_v7_1_6.floating_point_v7_1_6 [\floating_point_v7_1_6(c_xdevice...]
Compiling architecture fpag_gaus_ap_fpext_0_no_dsp_32_arch of entity xil_defaultlib.fpag_gaus_ap_fpext_0_no_dsp_32 [fpag_gaus_ap_fpext_0_no_dsp_32_d...]
Compiling module xil_defaultlib.fpag_gaus_fpext_3sc4(ID=1)
Compiling architecture synth of entity xbip_pipe_v3_0_5.xbip_pipe_v3_0_5_viv [\xbip_pipe_v3_0_5_viv(c_has_ce=1...]
Compiling architecture rtl of entity floating_point_v7_1_6.delay [\delay(width=43,length=0)\]
Compiling architecture synth of entity xbip_pipe_v3_0_5.xbip_pipe_v3_0_5_viv [\xbip_pipe_v3_0_5_viv(c_has_ce=1...]
Compiling architecture rtl of entity floating_point_v7_1_6.delay [\delay(width=17,length=0)\]
Compiling architecture dsp48e1_v of entity unisim.DSP48E1 [\DSP48E1(adreg=0,alumodereg=0,ca...]
Compiling architecture rtl of entity floating_point_v7_1_6.dsp48e1_wrapper [\dsp48e1_wrapper(a_width=17,b_wi...]
Compiling architecture rtl of entity floating_point_v7_1_6.special_detect [\special_detect(c_xdevicefamily=...]
Compiling architecture synth of entity xbip_pipe_v3_0_5.xbip_pipe_v3_0_5_viv [\xbip_pipe_v3_0_5_viv(c_latency=...]
Compiling architecture rtl of entity floating_point_v7_1_6.delay [\delay(length=5)\]
Compiling architecture struct of entity floating_point_v7_1_6.carry_chain [\carry_chain(c_xdevicefamily="vi...]
Compiling architecture synth of entity floating_point_v7_1_6.compare_gt [\compare_gt(c_xdevicefamily="vir...]
Compiling architecture synth of entity xbip_pipe_v3_0_5.xbip_pipe_v3_0_5_viv [\xbip_pipe_v3_0_5_viv(c_latency=...]
Compiling architecture rtl of entity floating_point_v7_1_6.delay [\delay(width=2,length=5,fast_inp...]
Compiling architecture synth of entity xbip_pipe_v3_0_5.xbip_pipe_v3_0_5_viv [\xbip_pipe_v3_0_5_viv(c_latency=...]
Compiling architecture rtl of entity floating_point_v7_1_6.delay [\delay(length=6)\]
Compiling architecture synth of entity floating_point_v7_1_6.flt_exp_specialcase [\flt_exp_specialcase(c_xdevicefa...]
Compiling architecture synth of entity xbip_pipe_v3_0_5.xbip_pipe_v3_0_5_viv [\xbip_pipe_v3_0_5_viv(c_has_ce=1...]
Compiling architecture rtl of entity floating_point_v7_1_6.delay [\delay(width=10,length=0)\]
Compiling architecture rtl of entity floating_point_v7_1_6.delay_s [\delay_s(width=10,length=0)\]
Compiling architecture rtl of entity floating_point_v7_1_6.delay_s [\delay_s(width=9,length=0)\]
Compiling architecture muxf7_v of entity unisim.MUXF7 [muxf7_default]
Compiling architecture muxf8_v of entity unisim.MUXF8 [muxf8_default]
Compiling architecture synth of entity xbip_pipe_v3_0_5.xbip_pipe_v3_0_5_viv [\xbip_pipe_v3_0_5_viv(c_has_ce=1...]
Compiling architecture rtl of entity floating_point_v7_1_6.delay [\delay(width=6,length=0)\]
Compiling architecture struct of entity floating_point_v7_1_6.carry_chain [\carry_chain(c_xdevicefamily="vi...]
Compiling architecture synth of entity floating_point_v7_1_6.compare_eq_im [\compare_eq_im(c_xdevicefamily="...]
Compiling architecture rtl of entity floating_point_v7_1_6.zero_det_sel [\zero_det_sel(c_xdevicefamily="v...]
Compiling architecture synth of entity xbip_pipe_v3_0_5.xbip_pipe_v3_0_5_viv [\xbip_pipe_v3_0_5_viv(c_has_ce=1...]
Compiling architecture rtl of entity floating_point_v7_1_6.delay [\delay(width=34,length=0)\]
Compiling architecture rtl of entity floating_point_v7_1_6.shift_msb_first [\shift_msb_first(a_width=24,resu...]
Compiling architecture synth of entity xbip_pipe_v3_0_5.xbip_pipe_v3_0_5_viv [\xbip_pipe_v3_0_5_viv(c_has_ce=1...]
Compiling architecture rtl of entity floating_point_v7_1_6.delay [\delay(width=35,length=0)\]
Compiling architecture synth of entity xbip_pipe_v3_0_5.xbip_pipe_v3_0_5_viv [\xbip_pipe_v3_0_5_viv(c_latency=...]
Compiling architecture rtl of entity floating_point_v7_1_6.delay [\delay(width=36)\]
Compiling architecture struct of entity floating_point_v7_1_6.carry_chain [\carry_chain(c_xdevicefamily="vi...]
Compiling architecture synth of entity xbip_pipe_v3_0_5.xbip_pipe_v3_0_5_viv [\xbip_pipe_v3_0_5_viv(c_latency=...]
Compiling architecture rtl of entity floating_point_v7_1_6.delay [\delay(width=34)\]
Compiling architecture synth of entity floating_point_v7_1_6.flt_to_fix_conv [\flt_to_fix_conv(c_xdevicefamily...]
Compiling architecture synth of entity xbip_pipe_v3_0_5.xbip_pipe_v3_0_5_viv [\xbip_pipe_v3_0_5_viv(c_has_ce=1...]
Compiling architecture rtl of entity floating_point_v7_1_6.delay [\delay(width=30,length=0)\]
Compiling architecture synth of entity xbip_pipe_v3_0_5.xbip_pipe_v3_0_5_viv [\xbip_pipe_v3_0_5_viv(c_has_ce=1...]
Compiling architecture rtl of entity floating_point_v7_1_6.delay [\delay(width=18,length=0)\]
Compiling architecture dsp48e1_v of entity unisim.DSP48E1 [\DSP48E1(acascreg=0,adreg=0,alum...]
Compiling architecture rtl of entity floating_point_v7_1_6.dsp48e1_wrapper [\dsp48e1_wrapper(a_width=30,b_wi...]
Compiling architecture synth of entity floating_point_v7_1_6.flt_log_addsub [\flt_log_addsub(c_xdevicefamily=...]
Compiling architecture dsp48e1_v of entity unisim.DSP48E1 [\DSP48E1(acascreg=0,adreg=0,alum...]
Compiling architecture rtl of entity floating_point_v7_1_6.dsp48e1_wrapper [\dsp48e1_wrapper(a_width=30,b_wi...]
Compiling architecture synth of entity floating_point_v7_1_6.flt_log_addsub [\flt_log_addsub(c_xdevicefamily=...]
Compiling architecture rtl of entity floating_point_v7_1_6.flt_exp_ccm [\flt_exp_ccm(c_xdevicefamily="vi...]
Compiling architecture synth of entity floating_point_v7_1_6.flt_log_addsub [\flt_log_addsub(c_xdevicefamily=...]
Compiling architecture synth of entity floating_point_v7_1_6.flt_log_addsub [\flt_log_addsub(c_xdevicefamily=...]
Compiling architecture rtl of entity floating_point_v7_1_6.flt_exp_ccm [\flt_exp_ccm(c_xdevicefamily="vi...]
Compiling architecture synth of entity xbip_pipe_v3_0_5.xbip_pipe_v3_0_5_viv [\xbip_pipe_v3_0_5_viv(c_latency=...]
Compiling architecture rtl of entity floating_point_v7_1_6.delay [\delay(width=33,length=2)\]
Compiling architecture dsp48e1_v of entity unisim.DSP48E1 [\DSP48E1(adreg=0,dreg=0,inmodere...]
Compiling architecture rtl of entity floating_point_v7_1_6.dsp48e1_wrapper [\dsp48e1_wrapper(a_width=30,b_wi...]
Compiling architecture synth of entity floating_point_v7_1_6.flt_log_addsub [\flt_log_addsub(c_xdevicefamily=...]
Compiling architecture rtl of entity floating_point_v7_1_6.flt_exp_e2A [\flt_exp_e2A(c_xdevicefamily="vi...]
Compiling architecture rtl of entity floating_point_v7_1_6.flt_exp_e2zmzm1 [\flt_exp_e2zmzm1(c_xdevicefamily...]
Compiling architecture synth of entity xbip_pipe_v3_0_5.xbip_pipe_v3_0_5_viv [\xbip_pipe_v3_0_5_viv(c_latency=...]
Compiling architecture rtl of entity floating_point_v7_1_6.delay [\delay(width=8,length=4)\]
Compiling architecture rtl of entity floating_point_v7_1_6.dsp48e1_wrapper [\dsp48e1_wrapper(b_width=18,c_wi...]
Compiling architecture synth of entity xbip_pipe_v3_0_5.xbip_pipe_v3_0_5_viv [\xbip_pipe_v3_0_5_viv(c_latency=...]
Compiling architecture rtl of entity floating_point_v7_1_6.delay [\delay(width=14)\]
Compiling architecture rtl of entity floating_point_v7_1_6.flt_round_bit [\flt_round_bit(c_xdevicefamily="...]
Compiling architecture rtl of entity floating_point_v7_1_6.renorm_and_round_logic [\renorm_and_round_logic(c_xdevic...]
Compiling architecture lut4_v of entity unisim.LUT4 [\LUT4(init="1100110010010110")(0...]
Compiling architecture lut4_v of entity unisim.LUT4 [\LUT4(init="1100110000111100")(0...]
Compiling architecture synth of entity xbip_pipe_v3_0_5.xbip_pipe_v3_0_5_viv [\xbip_pipe_v3_0_5_viv(c_has_ce=1...]
Compiling architecture rtl of entity floating_point_v7_1_6.delay [\delay(width=9,length=0,fast_inp...]
Compiling architecture synth of entity floating_point_v7_1_6.flt_log_addsub [\flt_log_addsub(c_xdevicefamily=...]
Compiling architecture struct of entity floating_point_v7_1_6.carry_chain [\carry_chain(c_xdevicefamily="vi...]
Compiling architecture synth of entity floating_point_v7_1_6.compare_eq_im [\compare_eq_im(c_xdevicefamily="...]
Compiling architecture synth of entity floating_point_v7_1_6.compare_ne_im [\compare_ne_im(c_xdevicefamily="...]
Compiling architecture synth of entity floating_point_v7_1_6.compare_gt [\compare_gt(c_xdevicefamily="vir...]
Compiling architecture synth of entity floating_point_v7_1_6.flt_exp_recomb [\flt_exp_recomb(c_xdevicefamily=...]
Compiling architecture synth of entity floating_point_v7_1_6.flt_exp [\flt_exp(c_xdevicefamily="virtex...]
Compiling architecture synth of entity xbip_pipe_v3_0_5.xbip_pipe_v3_0_5_viv [\xbip_pipe_v3_0_5_viv(c_latency=...]
Compiling architecture xilinx of entity floating_point_v7_1_6.floating_point_v7_1_6_viv [\floating_point_v7_1_6_viv(c_xde...]
Compiling architecture xilinx of entity floating_point_v7_1_6.floating_point_v7_1_6 [\floating_point_v7_1_6(c_xdevice...]
Compiling architecture fpag_gaus_ap_fexp_7_full_dsp_32_arch of entity xil_defaultlib.fpag_gaus_ap_fexp_7_full_dsp_32 [fpag_gaus_ap_fexp_7_full_dsp_32_...]
Compiling module xil_defaultlib.fpag_gaus_fexp_32tde(ID=1)
Compiling architecture dsp48e1_v of entity unisim.DSP48E1 [\DSP48E1(acascreg=0,adreg=0,alum...]
Compiling architecture rtl of entity floating_point_v7_1_6.dsp48e1_wrapper [\dsp48e1_wrapper(a_width=19,b_wi...]
Compiling architecture dsp48e1_v of entity unisim.DSP48E1 [\DSP48E1(acascreg=0,adreg=0,alum...]
Compiling architecture rtl of entity floating_point_v7_1_6.dsp48e1_wrapper [\dsp48e1_wrapper(a_width=17,b_wi...]
Compiling architecture dsp48e1_v of entity unisim.DSP48E1 [\DSP48E1(acascreg=0,adreg=0,alum...]
Compiling architecture rtl of entity floating_point_v7_1_6.dsp48e1_wrapper [\dsp48e1_wrapper(a_width=17,b_wi...]
Compiling architecture dsp48e1_v of entity unisim.DSP48E1 [\DSP48E1(acascreg=0,adreg=0,alum...]
Compiling architecture rtl of entity floating_point_v7_1_6.dsp48e1_wrapper [\dsp48e1_wrapper(a_width=17,b_wi...]
Compiling architecture dsp48e1_v of entity unisim.DSP48E1 [\DSP48E1(adreg=0,alumodereg=0,b_...]
Compiling architecture rtl of entity floating_point_v7_1_6.dsp48e1_wrapper [\dsp48e1_wrapper(a_width=17,b_wi...]
Compiling architecture synth of entity xbip_pipe_v3_0_5.xbip_pipe_v3_0_5_viv [\xbip_pipe_v3_0_5_viv(c_has_ce=1...]
Compiling architecture rtl of entity floating_point_v7_1_6.delay [\delay(width=19,length=0)\]
Compiling architecture rtl of entity floating_point_v7_1_6.dsp48e1_wrapper [\dsp48e1_wrapper(a_width=19,b_wi...]
Compiling architecture dsp48e1_v of entity unisim.DSP48E1 [\DSP48E1(adreg=0,alumodereg=0,ca...]
Compiling architecture rtl of entity floating_point_v7_1_6.dsp48e1_wrapper [\dsp48e1_wrapper(a_width=19,b_wi...]
Compiling architecture dsp48e1_v of entity unisim.DSP48E1 [\DSP48E1(acascreg=0,adreg=0,alum...]
Compiling architecture rtl of entity floating_point_v7_1_6.dsp48e1_wrapper [\dsp48e1_wrapper(a_width=19,b_wi...]
Compiling architecture dsp48e1_v of entity unisim.DSP48E1 [\DSP48E1(acascreg=2,adreg=0,alum...]
Compiling architecture rtl of entity floating_point_v7_1_6.dsp48e1_wrapper [\dsp48e1_wrapper(a_width=19,b_wi...]
Compiling architecture synth of entity xbip_pipe_v3_0_5.xbip_pipe_v3_0_5_viv [\xbip_pipe_v3_0_5_viv(c_latency=...]
Compiling architecture rtl of entity floating_point_v7_1_6.delay [\delay(width=17)\]
Compiling architecture dsp48e1_v of entity unisim.DSP48E1 [\DSP48E1(acascreg=0,adreg=0,alum...]
Compiling architecture rtl of entity floating_point_v7_1_6.dsp48e1_wrapper [\dsp48e1_wrapper(a_width=19,b_wi...]
Compiling architecture struct of entity floating_point_v7_1_6.fix_mult_dsp48e1_dbl [\fix_mult_dsp48e1_dbl(mult_usage...]
Compiling architecture rtl of entity floating_point_v7_1_6.fix_mult [\fix_mult(c_xdevicefamily="virte...]
Compiling architecture synth of entity xbip_pipe_v3_0_5.xbip_pipe_v3_0_5_viv [\xbip_pipe_v3_0_5_viv(c_has_ce=1...]
Compiling architecture rtl of entity floating_point_v7_1_6.delay [\delay(width=11,length=0,fast_in...]
Compiling architecture struct of entity floating_point_v7_1_6.carry_chain [\carry_chain(c_xdevicefamily="vi...]
Compiling architecture struct of entity floating_point_v7_1_6.carry_chain [\carry_chain(c_xdevicefamily="vi...]
Compiling architecture synth of entity floating_point_v7_1_6.compare_eq_im [\compare_eq_im(c_xdevicefamily="...]
Compiling architecture rtl of entity floating_point_v7_1_6.special_detect [\special_detect(c_xdevicefamily=...]
Compiling architecture synth of entity xbip_pipe_v3_0_5.xbip_pipe_v3_0_5_viv [\xbip_pipe_v3_0_5_viv(c_latency=...]
Compiling architecture rtl of entity floating_point_v7_1_6.delay [\delay(width=2,length=3,fast_inp...]
Compiling architecture rtl of entity floating_point_v7_1_6.delay [\delay(length=3,fast_input=true)...]
Compiling architecture synth of entity xbip_pipe_v3_0_5.xbip_pipe_v3_0_5_viv [\xbip_pipe_v3_0_5_viv(c_latency=...]
Compiling architecture rtl of entity floating_point_v7_1_6.delay [\delay(width=4,length=3,fast_inp...]
Compiling architecture synth of entity xbip_pipe_v3_0_5.xbip_pipe_v3_0_5_viv [\xbip_pipe_v3_0_5_viv(c_latency=...]
Compiling architecture rtl of entity floating_point_v7_1_6.delay [\delay(width=11,length=3)\]
Compiling architecture synth of entity xbip_pipe_v3_0_5.xbip_pipe_v3_0_5_viv [\xbip_pipe_v3_0_5_viv(c_has_ce=1...]
Compiling architecture rtl of entity floating_point_v7_1_6.delay [\delay(width=3,length=0,fast_inp...]
Compiling architecture rtl of entity floating_point_v7_1_6.flt_mult_exp [\flt_mult_exp(c_xdevicefamily="v...]
Compiling architecture synth of entity xbip_pipe_v3_0_5.xbip_pipe_v3_0_5_viv [\xbip_pipe_v3_0_5_viv(c_has_ce=1...]
Compiling architecture rtl of entity floating_point_v7_1_6.delay [\delay(width=11,length=0)\]
Compiling architecture struct of entity floating_point_v7_1_6.carry_chain [\carry_chain(c_xdevicefamily="vi...]
Compiling architecture synth of entity xbip_pipe_v3_0_5.xbip_pipe_v3_0_5_viv [\xbip_pipe_v3_0_5_viv(c_has_ce=1...]
Compiling architecture rtl of entity floating_point_v7_1_6.delay [\delay(width=28,length=0)\]
Compiling architecture synth of entity xbip_pipe_v3_0_5.xbip_pipe_v3_0_5_viv [\xbip_pipe_v3_0_5_viv(c_has_ce=1...]
Compiling architecture rtl of entity floating_point_v7_1_6.delay [\delay(width=29,length=0)\]
Compiling architecture synth of entity xbip_pipe_v3_0_5.xbip_pipe_v3_0_5_viv [\xbip_pipe_v3_0_5_viv(c_has_ce=1...]
Compiling architecture rtl of entity floating_point_v7_1_6.delay [\delay(width=54,length=0,fast_in...]
Compiling architecture rtl of entity floating_point_v7_1_6.renorm_and_round_logic [\renorm_and_round_logic(c_xdevic...]
Compiling architecture rtl of entity floating_point_v7_1_6.flt_mult_round [\flt_mult_round(c_xdevicefamily=...]
Compiling architecture synth of entity floating_point_v7_1_6.flt_dec_op_lat [\flt_dec_op_lat(c_xdevicefamily=...]
Compiling architecture rtl of entity floating_point_v7_1_6.flt_mult [\flt_mult(c_xdevicefamily="virte...]
Compiling architecture xilinx of entity floating_point_v7_1_6.floating_point_v7_1_6_viv [\floating_point_v7_1_6_viv(c_xde...]
Compiling architecture xilinx of entity floating_point_v7_1_6.floating_point_v7_1_6 [\floating_point_v7_1_6(c_xdevice...]
Compiling architecture fpag_gaus_ap_dmul_4_max_dsp_64_arch of entity xil_defaultlib.fpag_gaus_ap_dmul_4_max_dsp_64 [fpag_gaus_ap_dmul_4_max_dsp_64_d...]
Compiling module xil_defaultlib.fpag_gaus_dmul_64udo(ID=1)
Compiling architecture synth of entity xbip_pipe_v3_0_5.xbip_pipe_v3_0_5_viv [\xbip_pipe_v3_0_5_viv(c_has_ce=1...]
Compiling architecture rtl of entity floating_point_v7_1_6.delay [\delay(width=52,length=0)\]
Compiling architecture struct of entity floating_point_v7_1_6.carry_chain [\carry_chain(c_xdevicefamily="vi...]
Compiling architecture synth of entity floating_point_v7_1_6.flt_div_mant_addsub [\flt_div_mant_addsub(c_xdevicefa...]
Compiling architecture synth of entity xbip_pipe_v3_0_5.xbip_pipe_v3_0_5_viv [\xbip_pipe_v3_0_5_viv(c_has_ce=1...]
Compiling architecture rtl of entity floating_point_v7_1_6.delay [\delay(width=55,length=0)\]
Compiling architecture synth of entity xbip_pipe_v3_0_5.xbip_pipe_v3_0_5_viv [\xbip_pipe_v3_0_5_viv(c_latency=...]
Compiling architecture rtl of entity floating_point_v7_1_6.delay [\delay(width=52)\]
Compiling architecture synth of entity xbip_pipe_v3_0_5.xbip_pipe_v3_0_5_viv [\xbip_pipe_v3_0_5_viv(c_has_ce=1...]
Compiling architecture rtl of entity floating_point_v7_1_6.delay [\delay(width=53,length=0)\]
Compiling architecture synth of entity xbip_pipe_v3_0_5.xbip_pipe_v3_0_5_viv [\xbip_pipe_v3_0_5_viv(c_latency=...]
Compiling architecture rtl of entity floating_point_v7_1_6.delay [\delay(width=54,fast_input=true)...]
Compiling architecture struct of entity floating_point_v7_1_6.carry_chain [\carry_chain(c_xdevicefamily="vi...]
Compiling architecture synth of entity floating_point_v7_1_6.flt_div_mant_addsub [\flt_div_mant_addsub(c_xdevicefa...]
Compiling architecture synth of entity xbip_pipe_v3_0_5.xbip_pipe_v3_0_5_viv [\xbip_pipe_v3_0_5_viv(c_latency=...]
Compiling architecture rtl of entity floating_point_v7_1_6.delay [\delay(width=55)\]
Compiling architecture virtex of entity floating_point_v7_1_6.flt_div_mant [\flt_div_mant(c_xdevicefamily="v...]
Compiling architecture synth of entity xbip_pipe_v3_0_5.xbip_pipe_v3_0_5_viv [\xbip_pipe_v3_0_5_viv(c_latency=...]
Compiling architecture rtl of entity floating_point_v7_1_6.delay [\delay(width=13,fast_input=true)...]
Compiling architecture rtl of entity floating_point_v7_1_6.special_detect [\special_detect(c_xdevicefamily=...]
Compiling architecture synth of entity xbip_pipe_v3_0_5.xbip_pipe_v3_0_5_viv [\xbip_pipe_v3_0_5_viv(c_latency=...]
Compiling architecture rtl of entity floating_point_v7_1_6.delay [\delay(length=28,fast_input=true...]
Compiling architecture synth of entity xbip_pipe_v3_0_5.xbip_pipe_v3_0_5_viv [\xbip_pipe_v3_0_5_viv(c_latency=...]
Compiling architecture rtl of entity floating_point_v7_1_6.delay [\delay(width=11,length=27)\]
Compiling architecture synth of entity xbip_pipe_v3_0_5.xbip_pipe_v3_0_5_viv [\xbip_pipe_v3_0_5_viv(c_latency=...]
Compiling architecture rtl of entity floating_point_v7_1_6.delay [\delay(length=27,fast_input=true...]
Compiling architecture synth of entity xbip_pipe_v3_0_5.xbip_pipe_v3_0_5_viv [\xbip_pipe_v3_0_5_viv(c_latency=...]
Compiling architecture rtl of entity floating_point_v7_1_6.delay [\delay(width=3,length=27,fast_in...]
Compiling architecture synth of entity xbip_pipe_v3_0_5.xbip_pipe_v3_0_5_viv [\xbip_pipe_v3_0_5_viv(c_latency=...]
Compiling architecture rtl of entity floating_point_v7_1_6.delay [\delay(width=4,length=27,fast_in...]
Compiling architecture rtl of entity floating_point_v7_1_6.flt_div_exp [\flt_div_exp(c_xdevicefamily="no...]
Compiling architecture synth of entity xbip_pipe_v3_0_5.xbip_pipe_v3_0_5_viv [\xbip_pipe_v3_0_5_viv(c_has_ce=1...]
Compiling architecture rtl of entity floating_point_v7_1_6.delay [\delay(width=26,length=0,fast_in...]
Compiling architecture struct of entity floating_point_v7_1_6.carry_chain [\carry_chain(c_xdevicefamily="vi...]
Compiling architecture synth of entity xbip_pipe_v3_0_5.xbip_pipe_v3_0_5_viv [\xbip_pipe_v3_0_5_viv(c_has_ce=1...]
Compiling architecture rtl of entity floating_point_v7_1_6.delay [\delay(width=27,length=0,fast_in...]
Compiling architecture struct of entity floating_point_v7_1_6.carry_chain [\carry_chain(c_xdevicefamily="vi...]
Compiling architecture struct of entity floating_point_v7_1_6.carry_chain [\carry_chain(c_xdevicefamily="vi...]
Compiling architecture rtl of entity floating_point_v7_1_6.renorm_and_round_logic [\renorm_and_round_logic(c_xdevic...]
Compiling architecture synth of entity floating_point_v7_1_6.flt_dec_op_lat [\flt_dec_op_lat(c_xdevicefamily=...]
Compiling architecture virtex of entity floating_point_v7_1_6.flt_div [\flt_div(c_xdevicefamily="virtex...]
Compiling architecture synth of entity xbip_pipe_v3_0_5.xbip_pipe_v3_0_5_viv [\xbip_pipe_v3_0_5_viv(c_latency=...]
Compiling architecture xilinx of entity floating_point_v7_1_6.floating_point_v7_1_6_viv [\floating_point_v7_1_6_viv(c_xde...]
Compiling architecture xilinx of entity floating_point_v7_1_6.floating_point_v7_1_6 [\floating_point_v7_1_6(c_xdevice...]
Compiling architecture fpag_gaus_ap_ddiv_29_no_dsp_64_arch of entity xil_defaultlib.fpag_gaus_ap_ddiv_29_no_dsp_64 [fpag_gaus_ap_ddiv_29_no_dsp_64_d...]
Compiling module xil_defaultlib.fpag_gaus_ddiv_64vdy(ID=1)
Compiling architecture struct of entity floating_point_v7_1_6.carry_chain [\carry_chain(c_xdevicefamily="vi...]
Compiling architecture synth of entity floating_point_v7_1_6.compare_eq_im [\compare_eq_im(c_xdevicefamily="...]
Compiling architecture synth of entity floating_point_v7_1_6.compare_ne_im [\compare_ne_im(c_xdevicefamily="...]
Compiling architecture synth of entity floating_point_v7_1_6.compare_eq_im [\compare_eq_im(c_xdevicefamily="...]
Compiling architecture synth of entity xbip_pipe_v3_0_5.xbip_pipe_v3_0_5_viv [\xbip_pipe_v3_0_5_viv(c_has_ce=1...]
Compiling architecture rtl of entity floating_point_v7_1_6.delay [\delay(width=22,length=0)\]
Compiling architecture struct of entity floating_point_v7_1_6.carry_chain [\carry_chain(c_xdevicefamily="vi...]
Compiling architecture synth of entity floating_point_v7_1_6.compare_eq [\compare_eq(c_xdevicefamily="vir...]
Compiling architecture struct of entity floating_point_v7_1_6.carry_chain [\carry_chain(c_xdevicefamily="vi...]
Compiling architecture synth of entity floating_point_v7_1_6.compare_gt [\compare_gt(c_xdevicefamily="vir...]
Compiling architecture rtl of entity floating_point_v7_1_6.fp_cmp [\fp_cmp(c_xdevicefamily="virtex7...]
Compiling architecture xilinx of entity floating_point_v7_1_6.floating_point_v7_1_6_viv [\floating_point_v7_1_6_viv(c_xde...]
Compiling architecture xilinx of entity floating_point_v7_1_6.floating_point_v7_1_6 [\floating_point_v7_1_6(c_xdevice...]
Compiling architecture fpag_gaus_ap_dcmp_0_no_dsp_64_arch of entity xil_defaultlib.fpag_gaus_ap_dcmp_0_no_dsp_64 [fpag_gaus_ap_dcmp_0_no_dsp_64_de...]
Compiling module xil_defaultlib.fpag_gaus_dcmp_64wdI(ID=1)
Compiling module xil_defaultlib.getGaussianKernel
Compiling module xil_defaultlib.Filter2D_k_buf_0_xdS_ram
Compiling module xil_defaultlib.Filter2D_k_buf_0_xdS(DataWidth=8...
Compiling architecture struct of entity floating_point_v7_1_6.carry_chain [\carry_chain(c_xdevicefamily="vi...]
Compiling architecture synth of entity xbip_pipe_v3_0_5.xbip_pipe_v3_0_5_viv [\xbip_pipe_v3_0_5_viv(c_has_ce=1...]
Compiling architecture rtl of entity floating_point_v7_1_6.delay [\delay(width=16,length=0,fast_in...]
Compiling architecture synth of entity xbip_pipe_v3_0_5.xbip_pipe_v3_0_5_viv [\xbip_pipe_v3_0_5_viv(c_latency=...]
Compiling architecture rtl of entity floating_point_v7_1_6.delay [\delay(width=4,fast_input=true)\]
Compiling architecture rtl of entity floating_point_v7_1_6.norm_zero_det [\norm_zero_det(data_width=39,nor...]
Compiling architecture synth of entity xbip_pipe_v3_0_5.xbip_pipe_v3_0_5_viv [\xbip_pipe_v3_0_5_viv(c_latency=...]
Compiling architecture rtl of entity floating_point_v7_1_6.delay [\delay(width=64)\]
Compiling architecture rtl of entity floating_point_v7_1_6.mux4 [\mux4(c_xdevicefamily="virtex7",...]
Compiling architecture synth of entity xbip_pipe_v3_0_5.xbip_pipe_v3_0_5_viv [\xbip_pipe_v3_0_5_viv(c_latency=...]
Compiling architecture rtl of entity floating_point_v7_1_6.delay [\delay(width=2,length=2)\]
Compiling architecture rtl of entity floating_point_v7_1_6.mux4 [\mux4(c_xdevicefamily="virtex7",...]
Compiling architecture rtl of entity floating_point_v7_1_6.lead_zero_encode [\lead_zero_encode(c_xdevicefamil...]
Compiling architecture rtl of entity floating_point_v7_1_6.shift_msb_first [\shift_msb_first(a_width=64,resu...]
Compiling architecture rtl of entity floating_point_v7_1_6.renorm_and_round_logic [\renorm_and_round_logic(c_xdevic...]
Compiling architecture synth of entity xbip_pipe_v3_0_5.xbip_pipe_v3_0_5_viv [\xbip_pipe_v3_0_5_viv(c_latency=...]
Compiling architecture rtl of entity floating_point_v7_1_6.delay [\delay(length=2)\]
Compiling architecture synth of entity floating_point_v7_1_6.fix_to_flt_conv_exp [\fix_to_flt_conv_exp(c_xdevicefa...]
Compiling architecture struct of entity floating_point_v7_1_6.fix_to_flt_conv [\fix_to_flt_conv(c_xdevicefamily...]
Compiling architecture xilinx of entity floating_point_v7_1_6.floating_point_v7_1_6_viv [\floating_point_v7_1_6_viv(c_xde...]
Compiling architecture xilinx of entity floating_point_v7_1_6.floating_point_v7_1_6 [\floating_point_v7_1_6(c_xdevice...]
Compiling architecture fpag_gaus_ap_uitofp_4_no_dsp_32_arch of entity xil_defaultlib.fpag_gaus_ap_uitofp_4_no_dsp_32 [fpag_gaus_ap_uitofp_4_no_dsp_32_...]
Compiling module xil_defaultlib.fpag_gaus_uitofp_Aem(ID=1)
Compiling module xil_defaultlib.fpag_gaus_mux_32_Bew(ID=1,din0_W...
Compiling module xil_defaultlib.fpag_gaus_mul_mulCeG_DSP48_2
Compiling module xil_defaultlib.fpag_gaus_mul_mulCeG(ID=1,NUM_ST...
Compiling module xil_defaultlib.fpag_gaus_mac_mulDeQ_DSP48_3
Compiling module xil_defaultlib.fpag_gaus_mac_mulDeQ(ID=1,NUM_ST...
Compiling module xil_defaultlib.fpag_gaus_mac_mulEe0_DSP48_4
Compiling module xil_defaultlib.fpag_gaus_mac_mulEe0(ID=1,NUM_ST...
Compiling module xil_defaultlib.fpag_gaus_mac_mulFfa_DSP48_5
Compiling module xil_defaultlib.fpag_gaus_mac_mulFfa(ID=1,NUM_ST...
Compiling module xil_defaultlib.Filter2D
Compiling module xil_defaultlib.GaussianBlur
Compiling module xil_defaultlib.Mat2AXIvideo
Compiling module xil_defaultlib.fifo_w8_d2_A_shiftReg
Compiling module xil_defaultlib.fifo_w8_d2_A
Compiling module xil_defaultlib.fifo_w32_d2_A_shiftReg
Compiling module xil_defaultlib.fifo_w32_d2_A
Compiling module xil_defaultlib.fpag_gaus
Compiling architecture fpag_gaus_0_arch of entity xil_defaultlib.fpag_gaus_0 [fpag_gaus_0_default]
Compiling module xil_defaultlib.hls_gauss_phr
Compiling module xil_defaultlib.dog_phr
Compiling module xil_defaultlib.write_file(DATA_WIDTH=32,FILE_NA...
Compiling module xil_defaultlib.write_file(DATA_WIDTH=32,FILE_NA...
Compiling module xil_defaultlib.write_file(DATA_WIDTH=32,FILE_NA...
Compiling module xil_defaultlib.write_file(DATA_WIDTH=32,FILE_NA...
Compiling module xil_defaultlib.write_file(DATA_WIDTH=32,FILE_NA...
Compiling module xil_defaultlib.sift_tb
Compiling module xil_defaultlib.top_tb
Compiling module xil_defaultlib.glbl
Built simulation snapshot top_tb_behav
